This is pdfTeX, Version 3.1415926-2.5-1.40.14 (TeX Live 2013) (format=pdflatex 2013.5.30)  9 DEC 2014 16:30
entering extended mode
 restricted \write18 enabled.
 %&-line parsing enabled.
**diff.tex
(./diff.tex
LaTeX2e <2011/06/27>
Babel <3.9f> and hyphenation patterns for 78 languages loaded.
(/usr/local/texlive/2013/texmf-dist/tex/latex/base/article.cls
Document Class: article 2007/10/19 v1.4h Standard LaTeX document class
(/usr/local/texlive/2013/texmf-dist/tex/latex/base/size10.clo
File: size10.clo 2007/10/19 v1.4h Standard LaTeX file (size option)
)
\c@part=\count79
\c@section=\count80
\c@subsection=\count81
\c@subsubsection=\count82
\c@paragraph=\count83
\c@subparagraph=\count84
\c@figure=\count85
\c@table=\count86
\abovecaptionskip=\skip41
\belowcaptionskip=\skip42
\bibindent=\dimen102
)
(/usr/local/texlive/2013/texmf-dist/tex/latex/amsmath/amsmath.sty
Package: amsmath 2013/01/14 v2.14 AMS math features
\@mathmargin=\skip43

For additional information on amsmath, use the `?' option.
(/usr/local/texlive/2013/texmf-dist/tex/latex/amsmath/amstext.sty
Package: amstext 2000/06/29 v2.01

(/usr/local/texlive/2013/texmf-dist/tex/latex/amsmath/amsgen.sty
File: amsgen.sty 1999/11/30 v2.0
\@emptytoks=\toks14
\ex@=\dimen103
))
(/usr/local/texlive/2013/texmf-dist/tex/latex/amsmath/amsbsy.sty
Package: amsbsy 1999/11/29 v1.2d
\pmbraise@=\dimen104
)
(/usr/local/texlive/2013/texmf-dist/tex/latex/amsmath/amsopn.sty
Package: amsopn 1999/12/14 v2.01 operator names
)
\inf@bad=\count87
LaTeX Info: Redefining \frac on input line 210.
\uproot@=\count88
\leftroot@=\count89
LaTeX Info: Redefining \overline on input line 306.
\classnum@=\count90
\DOTSCASE@=\count91
LaTeX Info: Redefining \ldots on input line 378.
LaTeX Info: Redefining \dots on input line 381.
LaTeX Info: Redefining \cdots on input line 466.
\Mathstrutbox@=\box26
\strutbox@=\box27
\big@size=\dimen105
LaTeX Font Info:    Redeclaring font encoding OML on input line 566.
LaTeX Font Info:    Redeclaring font encoding OMS on input line 567.
\macc@depth=\count92
\c@MaxMatrixCols=\count93
\dotsspace@=\muskip10
\c@parentequation=\count94
\dspbrk@lvl=\count95
\tag@help=\toks15
\row@=\count96
\column@=\count97
\maxfields@=\count98
\andhelp@=\toks16
\eqnshift@=\dimen106
\alignsep@=\dimen107
\tagshift@=\dimen108
\tagwidth@=\dimen109
\totwidth@=\dimen110
\lineht@=\dimen111
\@envbody=\toks17
\multlinegap=\skip44
\multlinetaggap=\skip45
\mathdisplay@stack=\toks18
LaTeX Info: Redefining \[ on input line 2665.
LaTeX Info: Redefining \] on input line 2666.
)
(/usr/local/texlive/2013/texmf-dist/tex/latex/amsfonts/amssymb.sty
Package: amssymb 2013/01/14 v3.01 AMS font symbols

(/usr/local/texlive/2013/texmf-dist/tex/latex/amsfonts/amsfonts.sty
Package: amsfonts 2013/01/14 v3.01 Basic AMSFonts support
\symAMSa=\mathgroup4
\symAMSb=\mathgroup5
LaTeX Font Info:    Overwriting math alphabet `\mathfrak' in version `bold'
(Font)                  U/euf/m/n --> U/euf/b/n on input line 106.
))
(/usr/local/texlive/2013/texmf-dist/tex/latex/graphics/graphicx.sty
Package: graphicx 1999/02/16 v1.0f Enhanced LaTeX Graphics (DPC,SPQR)

(/usr/local/texlive/2013/texmf-dist/tex/latex/graphics/keyval.sty
Package: keyval 1999/03/16 v1.13 key=value parser (DPC)
\KV@toks@=\toks19
)
(/usr/local/texlive/2013/texmf-dist/tex/latex/graphics/graphics.sty
Package: graphics 2009/02/05 v1.0o Standard LaTeX Graphics (DPC,SPQR)

(/usr/local/texlive/2013/texmf-dist/tex/latex/graphics/trig.sty
Package: trig 1999/03/16 v1.09 sin cos tan (DPC)
)
(/usr/local/texlive/2013/texmf-dist/tex/latex/latexconfig/graphics.cfg
File: graphics.cfg 2010/04/23 v1.9 graphics configuration of TeX Live
)
Package graphics Info: Driver file: pdftex.def on input line 91.

(/usr/local/texlive/2013/texmf-dist/tex/latex/pdftex-def/pdftex.def
File: pdftex.def 2011/05/27 v0.06d Graphics/color for pdfTeX

(/usr/local/texlive/2013/texmf-dist/tex/generic/oberdiek/infwarerr.sty
Package: infwarerr 2010/04/08 v1.3 Providing info/warning/error messages (HO)
)
(/usr/local/texlive/2013/texmf-dist/tex/generic/oberdiek/ltxcmds.sty
Package: ltxcmds 2011/11/09 v1.22 LaTeX kernel commands for general use (HO)
)
\Gread@gobject=\count99
))
\Gin@req@height=\dimen112
\Gin@req@width=\dimen113
)
(/usr/local/texlive/2013/texmf-dist/tex/latex/cite/cite.sty
LaTeX Info: Redefining \cite on input line 302.
LaTeX Info: Redefining \nocite on input line 373.
Package: cite 2010/09/10  v 5.3
)
(/usr/local/texlive/2013/texmf-dist/tex/latex/graphics/color.sty
Package: color 2005/11/14 v1.0j Standard LaTeX Color (DPC)

(/usr/local/texlive/2013/texmf-dist/tex/latex/latexconfig/color.cfg
File: color.cfg 2007/01/18 v1.5 color configuration of teTeX/TeXLive
)
Package color Info: Driver file: pdftex.def on input line 130.
)
(/usr/local/texlive/2013/texmf-dist/tex/latex/caption/caption.sty
Package: caption 2013/05/02 v3.3-89 Customizing captions (AR)

(/usr/local/texlive/2013/texmf-dist/tex/latex/caption/caption3.sty
Package: caption3 2013/05/02 v1.6-88 caption3 kernel (AR)
Package caption3 Info: TeX engine: e-TeX on input line 57.
\captionmargin=\dimen114
\captionmargin@=\dimen115
\captionwidth=\dimen116
\caption@tempdima=\dimen117
\caption@indent=\dimen118
\caption@parindent=\dimen119
\caption@hangindent=\dimen120
)
\c@ContinuedFloat=\count100
)
(/usr/local/texlive/2013/texmf-dist/tex/generic/ulem/ulem.sty
\UL@box=\box28
\UL@hyphenbox=\box29
\UL@skip=\skip46
\UL@hook=\toks20
\UL@height=\dimen121
\UL@pe=\count101
\UL@pixel=\dimen122
\ULC@box=\box30
Package: ulem 2012/05/18
\ULdepth=\dimen123
) (./diff.aux)
\openout1 = `diff.aux'.

LaTeX Font Info:    Checking defaults for OML/cmm/m/it on input line 103.
LaTeX Font Info:    ... okay on input line 103.
LaTeX Font Info:    Checking defaults for T1/cmr/m/n on input line 103.
LaTeX Font Info:    ... okay on input line 103.
LaTeX Font Info:    Checking defaults for OT1/cmr/m/n on input line 103.
LaTeX Font Info:    ... okay on input line 103.
LaTeX Font Info:    Checking defaults for OMS/cmsy/m/n on input line 103.
LaTeX Font Info:    ... okay on input line 103.
LaTeX Font Info:    Checking defaults for OMX/cmex/m/n on input line 103.
LaTeX Font Info:    ... okay on input line 103.
LaTeX Font Info:    Checking defaults for U/cmr/m/n on input line 103.
LaTeX Font Info:    ... okay on input line 103.

(/usr/local/texlive/2013/texmf-dist/tex/context/base/supp-pdf.mkii
[Loading MPS to PDF converter (version 2006.09.02).]
\scratchcounter=\count102
\scratchdimen=\dimen124
\scratchbox=\box31
\nofMPsegments=\count103
\nofMParguments=\count104
\everyMPshowfont=\toks21
\MPscratchCnt=\count105
\MPscratchDim=\dimen125
\MPnumerator=\count106
\makeMPintoPDFobject=\count107
\everyMPtoPDFconversion=\toks22
) (/usr/local/texlive/2013/texmf-dist/tex/generic/oberdiek/pdftexcmds.sty
Package: pdftexcmds 2011/11/29 v0.20 Utility functions of pdfTeX for LuaTeX (HO
)

(/usr/local/texlive/2013/texmf-dist/tex/generic/oberdiek/ifluatex.sty
Package: ifluatex 2010/03/01 v1.3 Provides the ifluatex switch (HO)
Package ifluatex Info: LuaTeX not detected.
)
(/usr/local/texlive/2013/texmf-dist/tex/generic/oberdiek/ifpdf.sty
Package: ifpdf 2011/01/30 v2.3 Provides the ifpdf switch (HO)
Package ifpdf Info: pdfTeX in PDF mode is detected.
)
Package pdftexcmds Info: LuaTeX not detected.
Package pdftexcmds Info: \pdf@primitive is available.
Package pdftexcmds Info: \pdf@ifprimitive is available.
Package pdftexcmds Info: \pdfdraftmode found.
)
(/usr/local/texlive/2013/texmf-dist/tex/latex/oberdiek/epstopdf-base.sty
Package: epstopdf-base 2010/02/09 v2.5 Base part for package epstopdf

(/usr/local/texlive/2013/texmf-dist/tex/latex/oberdiek/grfext.sty
Package: grfext 2010/08/19 v1.1 Manage graphics extensions (HO)

(/usr/local/texlive/2013/texmf-dist/tex/generic/oberdiek/kvdefinekeys.sty
Package: kvdefinekeys 2011/04/07 v1.3 Define keys (HO)
))
(/usr/local/texlive/2013/texmf-dist/tex/latex/oberdiek/kvoptions.sty
Package: kvoptions 2011/06/30 v3.11 Key value format for package options (HO)

(/usr/local/texlive/2013/texmf-dist/tex/generic/oberdiek/kvsetkeys.sty
Package: kvsetkeys 2012/04/25 v1.16 Key value parser (HO)

(/usr/local/texlive/2013/texmf-dist/tex/generic/oberdiek/etexcmds.sty
Package: etexcmds 2011/02/16 v1.5 Avoid name clashes with e-TeX commands (HO)
Package etexcmds Info: Could not find \expanded.
(etexcmds)             That can mean that you are not using pdfTeX 1.50 or
(etexcmds)             that some package has redefined \expanded.
(etexcmds)             In the latter case, load this package earlier.
)))
Package grfext Info: Graphics extension search list:
(grfext)             [.png,.pdf,.jpg,.mps,.jpeg,.jbig2,.jb2,.PNG,.PDF,.JPG,.JPE
G,.JBIG2,.JB2,.eps]
(grfext)             \AppendGraphicsExtensions on input line 452.

(/usr/local/texlive/2013/texmf-dist/tex/latex/latexconfig/epstopdf-sys.cfg
File: epstopdf-sys.cfg 2010/07/13 v1.3 Configuration of (r)epstopdf for TeX Liv
e
))
Package caption Info: Begin \AtBeginDocument code.
Package caption Info: End \AtBeginDocument code.
LaTeX Font Info:    Try loading font information for U+msa on input line 112.

(/usr/local/texlive/2013/texmf-dist/tex/latex/amsfonts/umsa.fd
File: umsa.fd 2013/01/14 v3.01 AMS symbols A
)
LaTeX Font Info:    Try loading font information for U+msb on input line 112.

(/usr/local/texlive/2013/texmf-dist/tex/latex/amsfonts/umsb.fd
File: umsb.fd 2013/01/14 v3.01 AMS symbols B
)

LaTeX Warning: Citation `ceci_scientists_1988' on page 1 undefined on input lin
e 141.


LaTeX Warning: Citation `scaramozzino_study_2012' on page 1 undefined on input 
line 142.


LaTeX Warning: Citation `bobrow_establishing_2014' on page 1 undefined on input
 line 142.


LaTeX Warning: Citation `ceci_scientists_1988' on page 1 undefined on input lin
e 143.


LaTeX Warning: Citation `ioannidis_why_2005' on page 1 undefined on input line 
144.


LaTeX Warning: Citation `prinz_believe_2011' on page 1 undefined on input line 
144.


LaTeX Warning: Citation `mobley_survey_2013' on page 1 undefined on input line 
144.


LaTeX Warning: Citation `zimmer_rise_2012' on page 1 undefined on input line 14
4.


LaTeX Warning: Citation `_how_2013' on page 1 undefined on input line 144.


LaTeX Warning: Citation `editors_trouble_2013' on page 1 undefined on input lin
e 144.


LaTeX Warning: Citation `drew_lost_2013' on page 1 undefined on input line 144.



LaTeX Warning: Citation `collins_nih_2014' on page 1 undefined on input line 14
4.


LaTeX Warning: Citation `piwowar_data_2011' on page 1 undefined on input line 1
45.


LaTeX Warning: Citation `stewart_meta-analysis_2010' on page 1 undefined on inp
ut line 145.


LaTeX Warning: Citation `borenstein_introduction_2011' on page 1 undefined on i
nput line 145.


LaTeX Warning: Citation `alsheikh-ali_public_2011' on page 1 undefined on input
 line 149.


LaTeX Warning: Citation `vines_availability_2014' on page 1 undefined on input 
line 150.


LaTeX Warning: Citation `ceci_scientists_1988' on page 1 undefined on input lin
e 152.


LaTeX Warning: Citation `tenopir_data_2011' on page 1 undefined on input line 1
53.


LaTeX Warning: Citation `scaramozzino_study_2012' on page 1 undefined on input 
line 154.

[1{/usr/local/texlive/2013/texmf-var/fonts/map/pdftex/updmap/pdftex.map}

]

LaTeX Warning: Citation `swan_share_2008' on page 2 undefined on input line 158
.


LaTeX Warning: Citation `bobrow_establishing_2014' on page 2 undefined on input
 line 158.


LaTeX Warning: Citation `kim_institutional_2012' on page 2 undefined on input l
ine 159.


LaTeX Warning: Citation `swan_share_2008' on page 2 undefined on input line 162
.


LaTeX Warning: Citation `bobrow_establishing_2014' on page 2 undefined on input
 line 162.


LaTeX Warning: Citation `kim_institutional_2012' on page 2 undefined on input l
ine 163.


LaTeX Warning: Citation `tenopir_data_2011' on page 2 undefined on input line 1
64.


LaTeX Warning: Citation `aydinoglu_data_2014' on page 2 undefined on input line
 164.


LaTeX Warning: Citation `enke_users_2012' on page 2 undefined on input line 165
.


LaTeX Warning: Citation `costello_motivating_2009' on page 2 undefined on input
 line 175.


LaTeX Warning: Citation `lawrence_data_2011' on page 2 undefined on input line 
175.


LaTeX Warning: Citation `atici_other_2012' on page 2 undefined on input line 17
5.


LaTeX Warning: Citation `newman_data_2009' on page 2 undefined on input line 17
7.


LaTeX Warning: Citation `callaghan_processes_2013' on page 2 undefined on input
 line 177.


LaTeX Warning: Citation `allan_geoscience_2014' on page 2 undefined on input li
ne 178.


LaTeX Warning: Citation `editors_more_2014' on page 2 undefined on input line 1
78.


LaTeX Warning: Citation `lawrence_data_2011' on page 2 undefined on input line 
179.


LaTeX Warning: Citation `weaver_data_2012' on page 2 undefined on input line 18
6.


LaTeX Warning: Citation `kansa_we_2013' on page 2 undefined on input line 187.

[2]

LaTeX Warning: Citation `swan_share_2008' on page 3 undefined on input line 191
.


LaTeX Warning: Citation `callaghan_making_2012' on page 3 undefined on input li
ne 193.


LaTeX Warning: Citation `kratz_data_2014' on page 3 undefined on input line 194
.


LaTeX Warning: Citation `harley_assessing_2010' on page 3 undefined on input li
ne 199.


LaTeX Warning: Citation `westra_data_2010' on page 3 undefined on input line 19
9.


LaTeX Warning: Citation `tenopir_data_2011' on page 3 undefined on input line 1
99.


LaTeX Warning: Citation `kim_institutional_2012' on page 3 undefined on input l
ine 199.


LaTeX Warning: Citation `scaramozzino_study_2012' on page 3 undefined on input 
line 199.


LaTeX Warning: Citation `williams_gathering_2013' on page 3 undefined on input 
line 199.


LaTeX Warning: Citation `bobrow_establishing_2014' on page 3 undefined on input
 line 199.


LaTeX Warning: Citation `strasser_dataup:_2014' on page 3 undefined on input li
ne 199.


LaTeX Warning: Citation `swan_share_2008' on page 3 undefined on input line 200
.


LaTeX Warning: Citation `cohen_statistical_1988' on page 3 undefined on input l
ine 227.


LaTeX Warning: Citation `kratz_researcher_2014' on page 3 undefined on input li
ne 233.

[3]

LaTeX Warning: Citation `national_science_foundation_gpg_2011' on page 4 undefi
ned on input line 240.


LaTeX Warning: Citation `obama_making_2013' on page 4 undefined on input line 2
41.


LaTeX Warning: Citation `national_institutes_of_health_final_2003' on page 4 un
defined on input line 243.


LaTeX Warning: Citation `kratz_data_2014' on page 4 undefined on input line 261
.


LaTeX Warning: Citation `kim_institutional_2012' on page 4 undefined on input l
ine 262.

Missing character: There is no â in font cmr10!

LaTeX Warning: Citation `swan_share_2008' on page 4 undefined on input line 274
.


LaTeX Warning: Citation `harley_assessing_2010' on page 4 undefined on input li
ne 274.


LaTeX Warning: Citation `tenopir_data_2011' on page 4 undefined on input line 2
74.

[4]

LaTeX Warning: Citation `kim_institutional_2012' on page 5 undefined on input l
ine 281.

[5]

LaTeX Warning: Citation `blankman_ecological_2003' on page 6 undefined on input
 line 312.


Overfull \hbox (12.14565pt too wide) in paragraph at lines 307--313
|   []   |   []   |   []   |   []   |   []   |   []   |   []   |   []   |   [] 
  |   []   |   []   |   []   |   []   |   []
 []


Overfull \hbox (12.62416pt too wide) in paragraph at lines 307--313
|   []   |   []   |   []   |   []   |   []   |   [][][]|   []   |   []   |   []
   |   []   |   []   |   []
 []

[6]
Missing character: There is no â in font cmr10!
Missing character: There is no € in font cmr10!
Missing character: There is no “ in font cmr10!


LaTeX Warning: Citation `tenopir_data_2011' on page 7 undefined on input line 3
65.


LaTeX Warning: Citation `ceci_scientists_1988' on page 7 undefined on input lin
e 365.


LaTeX Warning: Citation `kim_institutional_2012' on page 7 undefined on input l
ine 365.


LaTeX Warning: Citation `scaramozzino_study_2012' on page 7 undefined on input 
line 365.


LaTeX Warning: Citation `bobrow_establishing_2014' on page 7 undefined on input
 line 366.


LaTeX Warning: Citation `swan_share_2008' on page 7 undefined on input line 366
.


LaTeX Warning: Citation `tenopir_data_2011' on page 7 undefined on input line 3
67.


LaTeX Warning: Citation `ceci_scientists_1988' on page 7 undefined on input lin
e 368.


LaTeX Warning: Citation `scaramozzino_study_2012' on page 7 undefined on input 
line 368.


LaTeX Warning: Citation `tenopir_data_2011' on page 7 undefined on input line 3
73.


LaTeX Warning: Citation `bobrow_establishing_2014' on page 7 undefined on input
 line 375.


LaTeX Warning: Citation `tenopir_data_2011' on page 7 undefined on input line 3
77.


LaTeX Warning: Citation `scaramozzino_study_2012' on page 7 undefined on input 
line 378.


LaTeX Warning: Citation `bobrow_establishing_2014' on page 7 undefined on input
 line 379.


LaTeX Warning: Citation `tenopir_data_2011' on page 7 undefined on input line 3
87.


LaTeX Warning: Citation `cohen_statistical_1988' on page 7 undefined on input l
ine 392.

[7]

LaTeX Warning: Citation `bobrow_establishing_2014' on page 8 undefined on input
 line 395.


LaTeX Warning: Citation `swan_share_2008' on page 8 undefined on input line 400
.

[8]

LaTeX Warning: Citation `swan_share_2008' on page 9 undefined on input line 431
.


LaTeX Warning: Citation `kratz_data_2014' on page 9 undefined on input line 436
.


LaTeX Warning: Citation `kratz_data_2014' on page 9 undefined on input line 446
.


LaTeX Warning: Citation `parsons_data_2010' on page 9 undefined on input line 4
51.


LaTeX Warning: Citation `force11_data_citation_synthesis_group_joint_2014' on p
age 9 undefined on input line 461.


LaTeX Warning: Citation `sieber_not_1995' on page 9 undefined on input line 461
.


LaTeX Warning: Citation `mooney_citing_2011' on page 9 undefined on input line 
461.


LaTeX Warning: Citation `mooney_anatomy_2012' on page 9 undefined on input line
 461.


LaTeX Warning: Citation `sieber_not_1995' on page 9 undefined on input line 462
.


LaTeX Warning: Citation `mooney_anatomy_2012' on page 9 undefined on input line
 463.


LaTeX Warning: Citation `tenopir_data_2011' on page 9 undefined on input line 4
65.


LaTeX Warning: Citation `aydinoglu_data_2014' on page 9 undefined on input line
 465.


LaTeX Warning: Citation `enke_users_2012' on page 9 undefined on input line 465
.


LaTeX Warning: Citation `bobrow_establishing_2014' on page 9 undefined on input
 line 470.

[9]

LaTeX Warning: Citation `bobrow_establishing_2014' on page 10 undefined on inpu
t line 474.


LaTeX Warning: Citation `kim_institutional_2012' on page 10 undefined on input 
line 480.

[10]

LaTeX Warning: Citation `kratz_data_2014' on page 11 undefined on input line 52
2.

[11]

LaTeX Warning: Citation `perez_ipython:_2007' on page 12 undefined on input lin
e 555.


LaTeX Warning: Citation `mckinney_data_2010' on page 12 undefined on input line
 555.


LaTeX Warning: Citation `van_der_walt_numpy_2011' on page 12 undefined on input
 line 555.


LaTeX Warning: Citation `hunter_matplotlib:_2007' on page 12 undefined on input
 line 555.


LaTeX Warning: Citation `agresti_survey_1992' on page 12 undefined on input lin
e 558.


LaTeX Warning: Citation `szumilas_explaining_2010' on page 12 undefined on inpu
t line 567.


Overfull \hbox (1.1781pt too wide) in paragraph at lines 555--568
|   []   |   []   |   []   |   []   |   []   |   []   |   []   |   []   |   [] 
  |   []   [][]|   []   |   []
 []


LaTeX Warning: Citation `cramer_mathematical_1999' on page 12 undefined on inpu
t line 575.


LaTeX Warning: Citation `perez_ipython:_2007' on page 12 undefined on input lin
e 599.


LaTeX Warning: Citation `mckinney_data_2010' on page 12 undefined on input line
 599.


LaTeX Warning: Citation `van_der_walt_numpy_2011' on page 12 undefined on input
 line 599.


LaTeX Warning: Citation `hunter_matplotlib:_2007' on page 12 undefined on input
 line 599.


LaTeX Warning: Citation `faul_g*_2007' on page 12 undefined on input line 599.


LaTeX Warning: Citation `kratz_researcher_2014-1' on page 12 undefined on input
 line 599.

No file diff.bbl.
LaTeX Font Info:    Try loading font information for OML+cmr on input line 626.

(/usr/local/texlive/2013/texmf-dist/tex/latex/base/omlcmr.fd
File: omlcmr.fd 1999/05/25 v2.5h Standard LaTeX font definitions
)
LaTeX Font Info:    Font shape `OML/cmr/m/n' in size <10> not available
(Font)              Font shape `OML/cmm/m/it' tried instead on input line 626.
 [12] [13]
[14] (./diff.aux)

LaTeX Warning: There were undefined references.

 ) 
Here is how much of TeX's memory you used:
 3715 strings out of 493315
 54714 string characters out of 6137904
 159576 words of memory out of 5000000
 7125 multiletter control sequences out of 15000+600000
 7662 words of font info for 30 fonts, out of 8000000 for 9000
 957 hyphenation exceptions out of 8191
 38i,8n,38p,951b,395s stack positions out of 5000i,500n,10000p,200000b,80000s
</usr/local/texlive/2013/texmf-dist/fonts/type1/public/amsfonts/cm/cmbx10.pfb
></usr/local/texlive/2013/texmf-dist/fonts/type1/public/amsfonts/cm/cmbx12.pfb>
</usr/local/texlive/2013/texmf-dist/fonts/type1/public/amsfonts/cm/cmmi10.pfb><
/usr/local/texlive/2013/texmf-dist/fonts/type1/public/amsfonts/cm/cmmi7.pfb></u
sr/local/texlive/2013/texmf-dist/fonts/type1/public/amsfonts/cm/cmr10.pfb></usr
/local/texlive/2013/texmf-dist/fonts/type1/public/amsfonts/cm/cmr7.pfb></usr/lo
cal/texlive/2013/texmf-dist/fonts/type1/public/amsfonts/cm/cmsy10.pfb></usr/loc
al/texlive/2013/texmf-dist/fonts/type1/public/amsfonts/cm/cmsy7.pfb></usr/local
/texlive/2013/texmf-dist/fonts/type1/public/amsfonts/cm/cmti10.pfb></usr/local/
texlive/2013/texmf-dist/fonts/type1/public/amsfonts/latxfont/lasy6.pfb>
Output written on diff.pdf (14 pages, 190164 bytes).
PDF statistics:
 90 PDF objects out of 1000 (max. 8388607)
 63 compressed objects within 1 object stream
 0 named destinations out of 1000 (max. 500000)
 1 words of extra memory for PDF output out of 10000 (max. 10000000)

